Files already downloaded and verified
Files already downloaded and verified
---------------
Epoch 1/500
---------------
Epoch 1 completed: 2m 5s - Loss: 0.0177 Acc: 18.5120
---------------
Epoch 2/500
---------------
Epoch 2 completed: 2m 4s - Loss: 0.0157 Acc: 28.0540
---------------
Epoch 3/500
---------------
Epoch 3 completed: 2m 4s - Loss: 0.0148 Acc: 32.2440
---------------
Epoch 4/500
---------------
Epoch 4 completed: 2m 4s - Loss: 0.0144 Acc: 34.6560
---------------
Epoch 5/500
---------------
Epoch 5 completed: 2m 4s - Loss: 0.0140 Acc: 36.2920
---------------
Epoch 6/500
---------------
Epoch 6 completed: 2m 3s - Loss: 0.0137 Acc: 37.5580
---------------
Epoch 7/500
---------------
Epoch 7 completed: 2m 3s - Loss: 0.0135 Acc: 38.7400
---------------
Epoch 8/500
---------------
Epoch 8 completed: 2m 3s - Loss: 0.0134 Acc: 39.4200
---------------
Epoch 9/500
---------------
Epoch 9 completed: 2m 3s - Loss: 0.0133 Acc: 39.8240
---------------
Epoch 10/500
---------------
Epoch 10 completed: 2m 3s - Loss: 0.0132 Acc: 40.5820
---------------
Epoch 11/500
---------------
Epoch 11 completed: 2m 3s - Loss: 0.0130 Acc: 41.3960
---------------
Epoch 12/500
---------------
Epoch 12 completed: 2m 3s - Loss: 0.0129 Acc: 41.8440
---------------
Epoch 13/500
---------------
Epoch 13 completed: 2m 3s - Loss: 0.0129 Acc: 42.2840
---------------
Epoch 14/500
---------------
Epoch 14 completed: 2m 3s - Loss: 0.0128 Acc: 42.5740
---------------
Epoch 15/500
---------------
Epoch 15 completed: 2m 3s - Loss: 0.0127 Acc: 42.7360
---------------
Epoch 16/500
---------------
Epoch 16 completed: 2m 3s - Loss: 0.0127 Acc: 42.9660
---------------
Epoch 17/500
---------------
Epoch 17 completed: 2m 3s - Loss: 0.0126 Acc: 43.4760
---------------
Epoch 18/500
---------------
Epoch 18 completed: 2m 3s - Loss: 0.0125 Acc: 43.7000
---------------
Epoch 19/500
---------------
Epoch 19 completed: 2m 3s - Loss: 0.0125 Acc: 43.6320
---------------
Epoch 20/500
---------------
Epoch 20 completed: 2m 3s - Loss: 0.0124 Acc: 44.0180
---------------
Epoch 21/500
---------------
Epoch 21 completed: 2m 3s - Loss: 0.0124 Acc: 44.1740
---------------
Epoch 22/500
---------------
Epoch 22 completed: 2m 3s - Loss: 0.0123 Acc: 44.4540
---------------
Epoch 23/500
---------------
Epoch 23 completed: 2m 3s - Loss: 0.0123 Acc: 44.7580
---------------
Epoch 24/500
---------------
Epoch 24 completed: 2m 3s - Loss: 0.0123 Acc: 44.7740
---------------
Epoch 25/500
---------------
Epoch 25 completed: 2m 3s - Loss: 0.0123 Acc: 44.8040
---------------
Epoch 26/500
---------------
Epoch 26 completed: 2m 3s - Loss: 0.0122 Acc: 45.2720
---------------
Epoch 27/500
---------------
Epoch 27 completed: 2m 3s - Loss: 0.0121 Acc: 45.6420
---------------
Epoch 28/500
---------------
Epoch 28 completed: 2m 3s - Loss: 0.0121 Acc: 45.4900
---------------
Epoch 29/500
---------------
Epoch 29 completed: 2m 3s - Loss: 0.0121 Acc: 45.7580
---------------
Epoch 30/500
---------------
Epoch 30 completed: 2m 3s - Loss: 0.0120 Acc: 46.1560
---------------
Epoch 31/500
---------------
Epoch 31 completed: 2m 3s - Loss: 0.0121 Acc: 45.6740
---------------
Epoch 32/500
---------------
Epoch 32 completed: 2m 3s - Loss: 0.0120 Acc: 46.2440
---------------
Epoch 33/500
---------------
Epoch 33 completed: 2m 3s - Loss: 0.0120 Acc: 46.3700
---------------
Epoch 34/500
---------------
Epoch 34 completed: 2m 3s - Loss: 0.0120 Acc: 46.2760
---------------
Epoch 35/500
---------------
Epoch 35 completed: 2m 3s - Loss: 0.0119 Acc: 46.8800
---------------
Epoch 36/500
---------------
Epoch 36 completed: 2m 3s - Loss: 0.0118 Acc: 46.9020
---------------
Epoch 37/500
---------------
Epoch 37 completed: 2m 3s - Loss: 0.0118 Acc: 46.8700
---------------
Epoch 38/500
---------------
Epoch 38 completed: 2m 3s - Loss: 0.0119 Acc: 46.9100
---------------
Epoch 39/500
---------------
Epoch 39 completed: 2m 3s - Loss: 0.0118 Acc: 47.4220
---------------
Epoch 40/500
---------------
Epoch 40 completed: 2m 3s - Loss: 0.0118 Acc: 47.2740
---------------
Epoch 41/500
---------------
Epoch 41 completed: 2m 3s - Loss: 0.0117 Acc: 47.6600
---------------
Epoch 42/500
---------------
Epoch 42 completed: 2m 3s - Loss: 0.0117 Acc: 47.6860
---------------
Epoch 43/500
---------------
Epoch 43 completed: 2m 3s - Loss: 0.0117 Acc: 47.6980
---------------
Epoch 44/500
---------------
Epoch 44 completed: 2m 3s - Loss: 0.0117 Acc: 47.5980
---------------
Epoch 45/500
---------------
Epoch 45 completed: 2m 3s - Loss: 0.0116 Acc: 48.0440
---------------
Epoch 46/500
---------------
Epoch 46 completed: 2m 3s - Loss: 0.0115 Acc: 48.5440
---------------
Epoch 47/500
---------------
Epoch 47 completed: 2m 3s - Loss: 0.0116 Acc: 48.2000
---------------
Epoch 48/500
---------------
Epoch 48 completed: 2m 3s - Loss: 0.0116 Acc: 48.4380
---------------
Epoch 49/500
---------------
Epoch 49 completed: 2m 3s - Loss: 0.0115 Acc: 48.5080
---------------
Epoch 50/500
---------------
Epoch 50 completed: 2m 3s - Loss: 0.0115 Acc: 48.3220
---------------
Epoch 51/500
---------------
Epoch 51 completed: 2m 3s - Loss: 0.0111 Acc: 50.6220
---------------
Epoch 52/500
---------------
Epoch 52 completed: 2m 3s - Loss: 0.0109 Acc: 51.1600
---------------
Epoch 53/500
---------------
Epoch 53 completed: 2m 3s - Loss: 0.0109 Acc: 51.2980
---------------
Epoch 54/500
---------------
Epoch 54 completed: 2m 3s - Loss: 0.0108 Acc: 51.7860
---------------
Epoch 55/500
---------------
Epoch 55 completed: 2m 3s - Loss: 0.0107 Acc: 52.2200
---------------
Epoch 56/500
---------------
Epoch 56 completed: 2m 3s - Loss: 0.0106 Acc: 52.2580
---------------
Epoch 57/500
---------------
Epoch 57 completed: 2m 3s - Loss: 0.0107 Acc: 52.1880
---------------
Epoch 58/500
---------------
Epoch 58 completed: 2m 3s - Loss: 0.0106 Acc: 52.3460
---------------
Epoch 59/500
---------------
Epoch 59 completed: 2m 3s - Loss: 0.0106 Acc: 52.4960
---------------
Epoch 60/500
---------------
Epoch 60 completed: 2m 3s - Loss: 0.0106 Acc: 52.9220
---------------
Epoch 61/500
---------------
Epoch 61 completed: 2m 3s - Loss: 0.0105 Acc: 52.7600
---------------
Epoch 62/500
---------------
Epoch 62 completed: 2m 3s - Loss: 0.0105 Acc: 53.2100
---------------
Epoch 63/500
---------------
Epoch 63 completed: 2m 3s - Loss: 0.0105 Acc: 53.2560
---------------
Epoch 64/500
---------------
Epoch 64 completed: 2m 3s - Loss: 0.0105 Acc: 53.0300
---------------
Epoch 65/500
---------------
Epoch 65 completed: 2m 3s - Loss: 0.0105 Acc: 52.9340
---------------
Epoch 66/500
---------------
Epoch 66 completed: 2m 3s - Loss: 0.0104 Acc: 53.6220
---------------
Epoch 67/500
---------------
Epoch 67 completed: 2m 3s - Loss: 0.0104 Acc: 53.4420
---------------
Epoch 68/500
---------------
Epoch 68 completed: 2m 3s - Loss: 0.0103 Acc: 53.9700
---------------
Epoch 69/500
---------------
Epoch 69 completed: 2m 3s - Loss: 0.0104 Acc: 53.5780
---------------
Epoch 70/500
---------------
Epoch 70 completed: 2m 3s - Loss: 0.0103 Acc: 53.8760
---------------
Epoch 71/500
---------------
Epoch 71 completed: 2m 3s - Loss: 0.0103 Acc: 53.9240
---------------
Epoch 72/500
---------------
Epoch 72 completed: 2m 3s - Loss: 0.0103 Acc: 53.9780
---------------
Epoch 73/500
---------------
Epoch 73 completed: 2m 3s - Loss: 0.0103 Acc: 54.1880
---------------
Epoch 74/500
---------------
Epoch 74 completed: 2m 3s - Loss: 0.0103 Acc: 54.0200
---------------
Epoch 75/500
---------------
Epoch 75 completed: 2m 3s - Loss: 0.0102 Acc: 54.2680
---------------
Epoch 76/500
---------------
Epoch 76 completed: 2m 3s - Loss: 0.0102 Acc: 54.5220
---------------
Epoch 77/500
---------------
Epoch 77 completed: 2m 3s - Loss: 0.0102 Acc: 54.5040
---------------
Epoch 78/500
---------------
Epoch 78 completed: 2m 3s - Loss: 0.0102 Acc: 54.6740
---------------
Epoch 79/500
---------------
Epoch 79 completed: 2m 3s - Loss: 0.0101 Acc: 54.7020
---------------
Epoch 80/500
---------------
Epoch 80 completed: 2m 3s - Loss: 0.0101 Acc: 54.4380
---------------
Epoch 81/500
---------------
Epoch 81 completed: 2m 3s - Loss: 0.0101 Acc: 54.7700
---------------
Epoch 82/500
---------------
Epoch 82 completed: 2m 3s - Loss: 0.0101 Acc: 54.7800
---------------
Epoch 83/500
---------------
Epoch 83 completed: 2m 3s - Loss: 0.0101 Acc: 55.2180
---------------
Epoch 84/500
---------------
Epoch 84 completed: 2m 3s - Loss: 0.0100 Acc: 55.2300
---------------
Epoch 85/500
---------------
Epoch 85 completed: 2m 3s - Loss: 0.0100 Acc: 55.0660
---------------
Epoch 86/500
---------------
Epoch 86 completed: 2m 3s - Loss: 0.0100 Acc: 55.2940
---------------
Epoch 87/500
---------------
Epoch 87 completed: 2m 3s - Loss: 0.0100 Acc: 55.3500
---------------
Epoch 88/500
---------------
Epoch 88 completed: 2m 3s - Loss: 0.0100 Acc: 55.5020
---------------
Epoch 89/500
---------------
Epoch 89 completed: 2m 3s - Loss: 0.0099 Acc: 55.7420
---------------
Epoch 90/500
---------------
Epoch 90 completed: 2m 3s - Loss: 0.0100 Acc: 55.5340
---------------
Epoch 91/500
---------------
Epoch 91 completed: 2m 3s - Loss: 0.0099 Acc: 55.4660
---------------
Epoch 92/500
---------------
Epoch 92 completed: 2m 3s - Loss: 0.0099 Acc: 55.6100
---------------
Epoch 93/500
---------------
Epoch 93 completed: 2m 3s - Loss: 0.0099 Acc: 55.8320
---------------
Epoch 94/500
---------------
Epoch 94 completed: 2m 3s - Loss: 0.0099 Acc: 55.8300
---------------
Epoch 95/500
---------------
Epoch 95 completed: 2m 3s - Loss: 0.0099 Acc: 55.7760
---------------
Epoch 96/500
---------------
Epoch 96 completed: 2m 3s - Loss: 0.0098 Acc: 56.0120
---------------
Epoch 97/500
---------------
Epoch 97 completed: 2m 3s - Loss: 0.0098 Acc: 56.0860
---------------
Epoch 98/500
---------------
Epoch 98 completed: 2m 3s - Loss: 0.0099 Acc: 56.0160
---------------
Epoch 99/500
---------------
Epoch 99 completed: 2m 3s - Loss: 0.0098 Acc: 56.4160
---------------
Epoch 100/500
---------------
Epoch 100 completed: 2m 3s - Loss: 0.0098 Acc: 56.4620
---------------
Epoch 101/500
---------------
Epoch 101 completed: 2m 3s - Loss: 0.0097 Acc: 57.0080
---------------
Epoch 102/500
---------------
Epoch 102 completed: 2m 3s - Loss: 0.0096 Acc: 56.9360
---------------
Epoch 103/500
---------------
Epoch 103 completed: 2m 3s - Loss: 0.0096 Acc: 57.1460
---------------
Epoch 104/500
---------------
Epoch 104 completed: 2m 3s - Loss: 0.0096 Acc: 57.0720
---------------
Epoch 105/500
---------------
Epoch 105 completed: 2m 3s - Loss: 0.0096 Acc: 57.0980
---------------
Epoch 106/500
---------------
Epoch 106 completed: 2m 3s - Loss: 0.0096 Acc: 57.3360
---------------
Epoch 107/500
---------------
Epoch 107 completed: 2m 3s - Loss: 0.0096 Acc: 57.4180
---------------
Epoch 108/500
---------------
Epoch 108 completed: 2m 3s - Loss: 0.0095 Acc: 57.3660
---------------
Epoch 109/500
---------------
Epoch 109 completed: 2m 3s - Loss: 0.0095 Acc: 57.3040
---------------
Epoch 110/500
---------------
Epoch 110 completed: 2m 3s - Loss: 0.0095 Acc: 57.3580
---------------
Epoch 111/500
---------------
Epoch 111 completed: 2m 3s - Loss: 0.0095 Acc: 57.6340
---------------
Epoch 112/500
---------------
Epoch 112 completed: 2m 3s - Loss: 0.0095 Acc: 57.5320
---------------
Epoch 113/500
---------------
Epoch 113 completed: 2m 3s - Loss: 0.0094 Acc: 57.8740
---------------
Epoch 114/500
---------------
Epoch 114 completed: 2m 3s - Loss: 0.0095 Acc: 57.4420
---------------
Epoch 115/500
---------------
Epoch 115 completed: 2m 3s - Loss: 0.0094 Acc: 57.7540
---------------
Epoch 116/500
---------------
Epoch 116 completed: 2m 3s - Loss: 0.0094 Acc: 57.9600
---------------
Epoch 117/500
---------------
Epoch 117 completed: 2m 3s - Loss: 0.0094 Acc: 57.8460
---------------
Epoch 118/500
---------------
Epoch 118 completed: 2m 3s - Loss: 0.0095 Acc: 57.6500
---------------
Epoch 119/500
---------------
Epoch 119 completed: 2m 3s - Loss: 0.0094 Acc: 57.8060
---------------
Epoch 120/500
---------------
Epoch 120 completed: 2m 3s - Loss: 0.0094 Acc: 57.8780
---------------
Epoch 121/500
---------------
Epoch 121 completed: 2m 3s - Loss: 0.0094 Acc: 57.8760
---------------
Epoch 122/500
---------------
Epoch 122 completed: 2m 3s - Loss: 0.0094 Acc: 57.9980
---------------
Epoch 123/500
---------------
Epoch 123 completed: 2m 3s - Loss: 0.0094 Acc: 57.8380
---------------
Epoch 124/500
---------------
Epoch 124 completed: 2m 3s - Loss: 0.0094 Acc: 57.8920
---------------
Epoch 125/500
---------------
Epoch 125 completed: 2m 3s - Loss: 0.0094 Acc: 58.0160
---------------
Epoch 126/500
---------------
Epoch 126 completed: 2m 3s - Loss: 0.0094 Acc: 58.2880
---------------
Epoch 127/500
---------------
Epoch 127 completed: 2m 3s - Loss: 0.0094 Acc: 58.1640
---------------
Epoch 128/500
---------------
Epoch 128 completed: 2m 3s - Loss: 0.0094 Acc: 57.9380
---------------
Epoch 129/500
---------------
Epoch 129 completed: 2m 3s - Loss: 0.0093 Acc: 58.1260
---------------
Epoch 130/500
---------------
Epoch 130 completed: 2m 3s - Loss: 0.0094 Acc: 58.1400
---------------
Epoch 131/500
---------------
Epoch 131 completed: 2m 3s - Loss: 0.0093 Acc: 58.3640
---------------
Epoch 132/500
---------------
Epoch 132 completed: 2m 3s - Loss: 0.0093 Acc: 58.5320
---------------
Epoch 133/500
---------------
Epoch 133 completed: 2m 3s - Loss: 0.0094 Acc: 58.2660
---------------
Epoch 134/500
---------------
Epoch 134 completed: 2m 3s - Loss: 0.0094 Acc: 58.0220
---------------
Epoch 135/500
---------------
Epoch 135 completed: 2m 3s - Loss: 0.0093 Acc: 58.2680
---------------
Epoch 136/500
---------------
Epoch 136 completed: 2m 3s - Loss: 0.0093 Acc: 58.2880
---------------
Epoch 137/500
---------------
Epoch 137 completed: 2m 3s - Loss: 0.0094 Acc: 58.1800
---------------
Epoch 138/500
---------------
Epoch 138 completed: 2m 3s - Loss: 0.0093 Acc: 58.2640
---------------
Epoch 139/500
---------------
Epoch 139 completed: 2m 3s - Loss: 0.0093 Acc: 58.5100
---------------
Epoch 140/500
---------------
Epoch 140 completed: 2m 3s - Loss: 0.0093 Acc: 58.2440
---------------
Epoch 141/500
---------------
Epoch 141 completed: 2m 3s - Loss: 0.0092 Acc: 58.7240
---------------
Epoch 142/500
---------------
Epoch 142 completed: 2m 3s - Loss: 0.0093 Acc: 58.6140
---------------
Epoch 143/500
---------------
Epoch 143 completed: 2m 3s - Loss: 0.0092 Acc: 58.7200
---------------
Epoch 144/500
---------------
Epoch 144 completed: 2m 3s - Loss: 0.0093 Acc: 58.3980
---------------
Epoch 145/500
---------------
Epoch 145 completed: 2m 3s - Loss: 0.0093 Acc: 58.6380
---------------
Epoch 146/500
---------------
Epoch 146 completed: 2m 3s - Loss: 0.0093 Acc: 58.6680
---------------
Epoch 147/500
---------------
Epoch 147 completed: 2m 3s - Loss: 0.0092 Acc: 58.6980
---------------
Epoch 148/500
---------------
Epoch 148 completed: 2m 3s - Loss: 0.0092 Acc: 58.5380
---------------
Epoch 149/500
---------------
Epoch 149 completed: 2m 3s - Loss: 0.0092 Acc: 58.9400
---------------
Epoch 150/500
---------------
Epoch 150 completed: 2m 3s - Loss: 0.0093 Acc: 58.5020
---------------
Epoch 151/500
---------------
Epoch 151 completed: 2m 3s - Loss: 0.0092 Acc: 58.6060
---------------
Epoch 152/500
---------------
Epoch 152 completed: 2m 3s - Loss: 0.0092 Acc: 58.8500
---------------
Epoch 153/500
---------------
Epoch 153 completed: 2m 3s - Loss: 0.0092 Acc: 58.9080
---------------
Epoch 154/500
---------------
Epoch 154 completed: 2m 3s - Loss: 0.0092 Acc: 58.9920
---------------
Epoch 155/500
---------------
Epoch 155 completed: 2m 3s - Loss: 0.0092 Acc: 58.9100
---------------
Epoch 156/500
---------------
Epoch 156 completed: 2m 3s - Loss: 0.0092 Acc: 59.2100
---------------
Epoch 157/500
---------------
Epoch 157 completed: 2m 3s - Loss: 0.0092 Acc: 59.3000
---------------
Epoch 158/500
---------------
Epoch 158 completed: 2m 3s - Loss: 0.0092 Acc: 58.8460
---------------
Epoch 159/500
---------------
Epoch 159 completed: 2m 3s - Loss: 0.0091 Acc: 59.0400
---------------
Epoch 160/500
---------------
Epoch 160 completed: 2m 3s - Loss: 0.0091 Acc: 58.8640
---------------
Epoch 161/500
---------------
Epoch 161 completed: 2m 3s - Loss: 0.0092 Acc: 59.0460
---------------
Epoch 162/500
---------------
Epoch 162 completed: 2m 3s - Loss: 0.0092 Acc: 59.0260
---------------
Epoch 163/500
---------------
Epoch 163 completed: 2m 3s - Loss: 0.0091 Acc: 59.1160
---------------
Epoch 164/500
---------------
Epoch 164 completed: 2m 3s - Loss: 0.0091 Acc: 59.2720
---------------
Epoch 165/500
---------------
Epoch 165 completed: 2m 3s - Loss: 0.0092 Acc: 59.0880
---------------
Epoch 166/500
---------------
Epoch 166 completed: 2m 3s - Loss: 0.0092 Acc: 59.1340
---------------
Epoch 167/500
---------------
Epoch 167 completed: 2m 3s - Loss: 0.0091 Acc: 59.1600
---------------
Epoch 168/500
---------------
Epoch 168 completed: 2m 3s - Loss: 0.0091 Acc: 59.1520
---------------
Epoch 169/500
---------------
Epoch 169 completed: 2m 3s - Loss: 0.0091 Acc: 59.2140
---------------
Epoch 170/500
---------------
Epoch 170 completed: 2m 3s - Loss: 0.0091 Acc: 59.2720
---------------
Epoch 171/500
---------------
Epoch 171 completed: 2m 3s - Loss: 0.0092 Acc: 59.2280
---------------
Epoch 172/500
---------------
Epoch 172 completed: 2m 3s - Loss: 0.0091 Acc: 59.1480
---------------
Epoch 173/500
---------------
Epoch 173 completed: 2m 3s - Loss: 0.0091 Acc: 59.1360
---------------
Epoch 174/500
---------------
Epoch 174 completed: 2m 3s - Loss: 0.0091 Acc: 59.4360
---------------
Epoch 175/500
---------------
Epoch 175 completed: 2m 3s - Loss: 0.0091 Acc: 59.0760
---------------
Epoch 176/500
---------------
Epoch 176 completed: 2m 3s - Loss: 0.0091 Acc: 59.3860
---------------
Epoch 177/500
---------------
Epoch 177 completed: 2m 3s - Loss: 0.0091 Acc: 59.1620
---------------
Epoch 178/500
---------------
Epoch 178 completed: 2m 3s - Loss: 0.0091 Acc: 59.3500
---------------
Epoch 179/500
---------------
Epoch 179 completed: 2m 3s - Loss: 0.0091 Acc: 59.6340
---------------
Epoch 180/500
---------------
Epoch 180 completed: 2m 3s - Loss: 0.0091 Acc: 59.3500
---------------
Epoch 181/500
---------------
Epoch 181 completed: 2m 3s - Loss: 0.0091 Acc: 59.1920
---------------
Epoch 182/500
---------------
Epoch 182 completed: 2m 3s - Loss: 0.0091 Acc: 59.3140
---------------
Epoch 183/500
---------------
Epoch 183 completed: 2m 3s - Loss: 0.0091 Acc: 59.3720
---------------
Epoch 184/500
---------------
Epoch 184 completed: 2m 3s - Loss: 0.0091 Acc: 59.5180
---------------
Epoch 185/500
---------------
Epoch 185 completed: 2m 3s - Loss: 0.0091 Acc: 59.0440
---------------
Epoch 186/500
---------------
Epoch 186 completed: 2m 3s - Loss: 0.0091 Acc: 59.4360
---------------
Epoch 187/500
---------------
Epoch 187 completed: 2m 3s - Loss: 0.0091 Acc: 59.2840
---------------
Epoch 188/500
---------------
Epoch 188 completed: 2m 3s - Loss: 0.0091 Acc: 59.1680
---------------
Epoch 189/500
---------------
Epoch 189 completed: 2m 3s - Loss: 0.0091 Acc: 59.6420
---------------
Epoch 190/500
---------------
Epoch 190 completed: 2m 3s - Loss: 0.0091 Acc: 59.1860
---------------
Epoch 191/500
---------------
Epoch 191 completed: 2m 3s - Loss: 0.0091 Acc: 59.3480
---------------
Epoch 192/500
---------------
Epoch 192 completed: 2m 3s - Loss: 0.0091 Acc: 59.6500
---------------
Epoch 193/500
---------------
Epoch 193 completed: 2m 3s - Loss: 0.0091 Acc: 59.3520
---------------
Epoch 194/500
---------------
Epoch 194 completed: 2m 3s - Loss: 0.0091 Acc: 59.3720
---------------
Epoch 195/500
---------------
Epoch 195 completed: 2m 3s - Loss: 0.0091 Acc: 59.3580
---------------
Epoch 196/500
---------------
Epoch 196 completed: 2m 3s - Loss: 0.0090 Acc: 59.6820
---------------
Epoch 197/500
---------------
Epoch 197 completed: 2m 3s - Loss: 0.0091 Acc: 59.1440
---------------
Epoch 198/500
---------------
Epoch 198 completed: 2m 3s - Loss: 0.0091 Acc: 59.4180
---------------
Epoch 199/500
---------------
Epoch 199 completed: 2m 3s - Loss: 0.0091 Acc: 59.2200
---------------
Epoch 200/500
---------------
Epoch 200 completed: 2m 3s - Loss: 0.0091 Acc: 59.5920
---------------
Epoch 201/500
---------------
Epoch 201 completed: 2m 3s - Loss: 0.0090 Acc: 59.3880
---------------
Epoch 202/500
---------------
Epoch 202 completed: 2m 3s - Loss: 0.0091 Acc: 59.4360
---------------
Epoch 203/500
---------------
Epoch 203 completed: 2m 3s - Loss: 0.0091 Acc: 59.5160
---------------
Epoch 204/500
---------------
Epoch 204 completed: 2m 3s - Loss: 0.0090 Acc: 59.6220
---------------
Epoch 205/500
---------------
Epoch 205 completed: 2m 3s - Loss: 0.0091 Acc: 59.1420
---------------
Epoch 206/500
---------------
Epoch 206 completed: 2m 3s - Loss: 0.0091 Acc: 59.3660
---------------
Epoch 207/500
---------------
Epoch 207 completed: 2m 3s - Loss: 0.0091 Acc: 59.5920
---------------
Epoch 208/500
---------------
Epoch 208 completed: 2m 3s - Loss: 0.0091 Acc: 59.3260
---------------
Epoch 209/500
---------------
Epoch 209 completed: 2m 3s - Loss: 0.0091 Acc: 59.5680
---------------
Epoch 210/500
---------------
Epoch 210 completed: 2m 3s - Loss: 0.0090 Acc: 59.6040
---------------
Epoch 211/500
---------------
Epoch 211 completed: 2m 3s - Loss: 0.0091 Acc: 59.2100
---------------
Epoch 212/500
---------------
Epoch 212 completed: 2m 3s - Loss: 0.0091 Acc: 59.3680
---------------
Epoch 213/500
---------------
Epoch 213 completed: 2m 3s - Loss: 0.0091 Acc: 59.2480
---------------
Epoch 214/500
---------------
Epoch 214 completed: 2m 3s - Loss: 0.0091 Acc: 59.4020
---------------
Epoch 215/500
---------------
Epoch 215 completed: 2m 3s - Loss: 0.0091 Acc: 59.5920
---------------
Epoch 216/500
---------------
Epoch 216 completed: 2m 3s - Loss: 0.0090 Acc: 59.6360
---------------
Epoch 217/500
---------------
Epoch 217 completed: 2m 3s - Loss: 0.0091 Acc: 59.4780
---------------
Epoch 218/500
---------------
Epoch 218 completed: 2m 3s - Loss: 0.0091 Acc: 59.4180
---------------
Epoch 219/500
---------------
Epoch 219 completed: 2m 3s - Loss: 0.0091 Acc: 59.4660
---------------
Epoch 220/500
---------------
Epoch 220 completed: 2m 3s - Loss: 0.0090 Acc: 59.5200
---------------
Epoch 221/500
---------------
Epoch 221 completed: 2m 3s - Loss: 0.0090 Acc: 59.5160
---------------
Epoch 222/500
---------------
Epoch 222 completed: 2m 3s - Loss: 0.0090 Acc: 59.8280
---------------
Epoch 223/500
---------------
Epoch 223 completed: 2m 3s - Loss: 0.0091 Acc: 59.6440
---------------
Epoch 224/500
---------------
Epoch 224 completed: 2m 3s - Loss: 0.0091 Acc: 59.2460
---------------
Epoch 225/500
---------------
Epoch 225 completed: 2m 3s - Loss: 0.0090 Acc: 59.6080
---------------
Epoch 226/500
---------------
Epoch 226 completed: 2m 3s - Loss: 0.0090 Acc: 59.5600
---------------
Epoch 227/500
---------------
Epoch 227 completed: 2m 3s - Loss: 0.0091 Acc: 59.6520
---------------
Epoch 228/500
---------------
Epoch 228 completed: 2m 3s - Loss: 0.0091 Acc: 59.3980
---------------
Epoch 229/500
---------------
Epoch 229 completed: 2m 3s - Loss: 0.0091 Acc: 59.3200
---------------
Epoch 230/500
---------------
Epoch 230 completed: 2m 3s - Loss: 0.0091 Acc: 59.5720
---------------
Epoch 231/500
---------------
Epoch 231 completed: 2m 3s - Loss: 0.0091 Acc: 59.6640
---------------
Epoch 232/500
---------------
Epoch 232 completed: 2m 3s - Loss: 0.0090 Acc: 59.8500
---------------
Epoch 233/500
---------------
Epoch 233 completed: 2m 3s - Loss: 0.0091 Acc: 59.5340
---------------
Epoch 234/500
---------------
Epoch 234 completed: 2m 3s - Loss: 0.0091 Acc: 59.3540
---------------
Epoch 235/500
---------------
Epoch 235 completed: 2m 3s - Loss: 0.0091 Acc: 59.4100
---------------
Epoch 236/500
---------------
Epoch 236 completed: 2m 3s - Loss: 0.0090 Acc: 59.5280
---------------
Epoch 237/500
---------------
Epoch 237 completed: 2m 3s - Loss: 0.0090 Acc: 59.5220
---------------
Epoch 238/500
---------------
Epoch 238 completed: 2m 3s - Loss: 0.0091 Acc: 59.3940
---------------
Epoch 239/500
---------------
Epoch 239 completed: 2m 3s - Loss: 0.0091 Acc: 59.6640
---------------
Epoch 240/500
---------------
Epoch 240 completed: 2m 3s - Loss: 0.0091 Acc: 59.2620
---------------
Epoch 241/500
---------------
Epoch 241 completed: 2m 3s - Loss: 0.0091 Acc: 59.4720
---------------
Epoch 242/500
---------------
Epoch 242 completed: 2m 3s - Loss: 0.0091 Acc: 59.3440
---------------
Epoch 243/500
---------------
Epoch 243 completed: 2m 3s - Loss: 0.0091 Acc: 59.5720
---------------
Epoch 244/500
---------------
Epoch 244 completed: 2m 3s - Loss: 0.0090 Acc: 59.6820
---------------
Epoch 245/500
---------------
Epoch 245 completed: 2m 3s - Loss: 0.0090 Acc: 59.6640
---------------
Epoch 246/500
---------------
Epoch 246 completed: 2m 3s - Loss: 0.0091 Acc: 59.2960
---------------
Epoch 247/500
---------------
Epoch 247 completed: 2m 3s - Loss: 0.0091 Acc: 59.4940
---------------
Epoch 248/500
---------------
Epoch 248 completed: 2m 3s - Loss: 0.0090 Acc: 59.6300
---------------
Epoch 249/500
---------------
Epoch 249 completed: 2m 3s - Loss: 0.0090 Acc: 59.6000
---------------
Epoch 250/500
---------------
Epoch 250 completed: 2m 3s - Loss: 0.0091 Acc: 59.5700
---------------
Epoch 251/500
---------------
Epoch 251 completed: 2m 3s - Loss: 0.0090 Acc: 59.8140
---------------
Epoch 252/500
---------------
Epoch 252 completed: 2m 3s - Loss: 0.0090 Acc: 59.7820
---------------
Epoch 253/500
---------------
Epoch 253 completed: 2m 3s - Loss: 0.0090 Acc: 59.8700
---------------
Epoch 254/500
---------------
Epoch 254 completed: 2m 3s - Loss: 0.0090 Acc: 59.5760
---------------
Epoch 255/500
---------------
Epoch 255 completed: 2m 3s - Loss: 0.0091 Acc: 59.3580
---------------
Epoch 256/500
---------------
Epoch 256 completed: 2m 3s - Loss: 0.0091 Acc: 59.6280
---------------
Epoch 257/500
---------------
Epoch 257 completed: 2m 3s - Loss: 0.0090 Acc: 59.4820
---------------
Epoch 258/500
---------------
Epoch 258 completed: 2m 3s - Loss: 0.0091 Acc: 59.2660
---------------
Epoch 259/500
---------------
Epoch 259 completed: 2m 3s - Loss: 0.0090 Acc: 59.7500
---------------
Epoch 260/500
---------------
Epoch 260 completed: 2m 3s - Loss: 0.0091 Acc: 59.6540
---------------
Epoch 261/500
---------------
Epoch 261 completed: 2m 3s - Loss: 0.0090 Acc: 59.6260
---------------
Epoch 262/500
---------------
Epoch 262 completed: 2m 3s - Loss: 0.0090 Acc: 59.9560
---------------
Epoch 263/500
---------------
Epoch 263 completed: 2m 3s - Loss: 0.0090 Acc: 59.6920
---------------
Epoch 264/500
---------------
Epoch 264 completed: 2m 3s - Loss: 0.0090 Acc: 59.9700
---------------
Epoch 265/500
---------------
Epoch 265 completed: 2m 3s - Loss: 0.0091 Acc: 59.2440
---------------
Epoch 266/500
---------------
Epoch 266 completed: 2m 3s - Loss: 0.0091 Acc: 59.5100
---------------
Epoch 267/500
---------------
Epoch 267 completed: 2m 3s - Loss: 0.0090 Acc: 59.8860
---------------
Epoch 268/500
---------------
Epoch 268 completed: 2m 3s - Loss: 0.0090 Acc: 59.4920
---------------
Epoch 269/500
---------------
Epoch 269 completed: 2m 3s - Loss: 0.0090 Acc: 59.8580
---------------
Epoch 270/500
---------------
Epoch 270 completed: 2m 3s - Loss: 0.0090 Acc: 59.7240
---------------
Epoch 271/500
---------------
Epoch 271 completed: 2m 3s - Loss: 0.0090 Acc: 59.3700
---------------
Epoch 272/500
---------------
Epoch 272 completed: 2m 3s - Loss: 0.0091 Acc: 59.4140
---------------
Epoch 273/500
---------------
Epoch 273 completed: 2m 3s - Loss: 0.0091 Acc: 59.3280
---------------
Epoch 274/500
---------------
Epoch 274 completed: 2m 3s - Loss: 0.0090 Acc: 59.6780
---------------
Epoch 275/500
---------------
Epoch 275 completed: 2m 3s - Loss: 0.0091 Acc: 59.5440
---------------
Epoch 276/500
---------------
Epoch 276 completed: 2m 3s - Loss: 0.0091 Acc: 59.5300
---------------
Epoch 277/500
---------------
Epoch 277 completed: 2m 3s - Loss: 0.0090 Acc: 59.4760
---------------
Epoch 278/500
---------------
Epoch 278 completed: 2m 3s - Loss: 0.0091 Acc: 59.6440
---------------
Epoch 279/500
---------------
Epoch 279 completed: 2m 3s - Loss: 0.0090 Acc: 59.4720
---------------
Epoch 280/500
---------------
Epoch 280 completed: 2m 3s - Loss: 0.0090 Acc: 59.5340
---------------
Epoch 281/500
---------------
Epoch 281 completed: 2m 3s - Loss: 0.0091 Acc: 59.5340
---------------
Epoch 282/500
---------------
Epoch 282 completed: 2m 3s - Loss: 0.0090 Acc: 59.7600
---------------
Epoch 283/500
---------------
Epoch 283 completed: 2m 3s - Loss: 0.0090 Acc: 59.8780
---------------
Epoch 284/500
---------------
Epoch 284 completed: 2m 3s - Loss: 0.0091 Acc: 59.4940
---------------
Epoch 285/500
---------------
Epoch 285 completed: 2m 3s - Loss: 0.0090 Acc: 59.3920
---------------
Epoch 286/500
---------------
Epoch 286 completed: 2m 3s - Loss: 0.0091 Acc: 59.3400
---------------
Epoch 287/500
---------------
Epoch 287 completed: 2m 3s - Loss: 0.0090 Acc: 59.8180
---------------
Epoch 288/500
---------------
Epoch 288 completed: 2m 3s - Loss: 0.0090 Acc: 59.7020
---------------
Epoch 289/500
---------------
Epoch 289 completed: 2m 3s - Loss: 0.0090 Acc: 59.6900
---------------
Epoch 290/500
---------------
Epoch 290 completed: 2m 3s - Loss: 0.0090 Acc: 59.6440
---------------
Epoch 291/500
---------------
Epoch 291 completed: 2m 3s - Loss: 0.0091 Acc: 59.7080
---------------
Epoch 292/500
---------------
Epoch 292 completed: 2m 3s - Loss: 0.0091 Acc: 59.5220
---------------
Epoch 293/500
---------------
Epoch 293 completed: 2m 3s - Loss: 0.0090 Acc: 59.8340
---------------
Epoch 294/500
---------------
Epoch 294 completed: 2m 3s - Loss: 0.0091 Acc: 59.6440
---------------
Epoch 295/500
---------------
Epoch 295 completed: 2m 3s - Loss: 0.0091 Acc: 59.5640
---------------
Epoch 296/500
---------------
Epoch 296 completed: 2m 3s - Loss: 0.0091 Acc: 59.2720
---------------
Epoch 297/500
---------------
Epoch 297 completed: 2m 3s - Loss: 0.0091 Acc: 59.7620
---------------
Epoch 298/500
---------------
Epoch 298 completed: 2m 3s - Loss: 0.0091 Acc: 59.4140
---------------
Epoch 299/500
---------------
Epoch 299 completed: 2m 3s - Loss: 0.0090 Acc: 59.5840
---------------
Epoch 300/500
---------------
Epoch 300 completed: 2m 3s - Loss: 0.0090 Acc: 59.8280
---------------
Epoch 301/500
---------------
Epoch 301 completed: 2m 3s - Loss: 0.0090 Acc: 59.9020
---------------
Epoch 302/500
---------------
Epoch 302 completed: 2m 3s - Loss: 0.0091 Acc: 59.6980
---------------
Epoch 303/500
---------------
Epoch 303 completed: 2m 3s - Loss: 0.0090 Acc: 59.8320
---------------
Epoch 304/500
---------------
Epoch 304 completed: 2m 3s - Loss: 0.0090 Acc: 60.0660
---------------
Epoch 305/500
---------------
Epoch 305 completed: 2m 3s - Loss: 0.0090 Acc: 59.6660
---------------
Epoch 306/500
---------------
Epoch 306 completed: 2m 3s - Loss: 0.0090 Acc: 59.5240
---------------
Epoch 307/500
---------------
Epoch 307 completed: 2m 3s - Loss: 0.0091 Acc: 59.5500
---------------
Epoch 308/500
---------------
Epoch 308 completed: 2m 3s - Loss: 0.0090 Acc: 59.7760
---------------
Epoch 309/500
---------------
Epoch 309 completed: 2m 3s - Loss: 0.0090 Acc: 59.5440
---------------
Epoch 310/500
---------------
Epoch 310 completed: 2m 3s - Loss: 0.0091 Acc: 59.3380
---------------
Epoch 311/500
---------------
Epoch 311 completed: 2m 3s - Loss: 0.0091 Acc: 59.4840
---------------
Epoch 312/500
---------------
Epoch 312 completed: 2m 3s - Loss: 0.0090 Acc: 60.0980
---------------
Epoch 313/500
---------------
Epoch 313 completed: 2m 3s - Loss: 0.0090 Acc: 59.7960
---------------
Epoch 314/500
---------------
Epoch 314 completed: 2m 3s - Loss: 0.0090 Acc: 59.7920
---------------
Epoch 315/500
---------------
Epoch 315 completed: 2m 3s - Loss: 0.0090 Acc: 59.5160
---------------
Epoch 316/500
---------------
Epoch 316 completed: 2m 3s - Loss: 0.0090 Acc: 59.6340
---------------
Epoch 317/500
---------------
Epoch 317 completed: 2m 3s - Loss: 0.0090 Acc: 59.6680
---------------
Epoch 318/500
---------------
Epoch 318 completed: 2m 3s - Loss: 0.0090 Acc: 59.6760
---------------
Epoch 319/500
---------------
Epoch 319 completed: 2m 3s - Loss: 0.0090 Acc: 59.7180
---------------
Epoch 320/500
---------------
Epoch 320 completed: 2m 3s - Loss: 0.0090 Acc: 59.6660
---------------
Epoch 321/500
---------------
Epoch 321 completed: 2m 3s - Loss: 0.0091 Acc: 59.3660
---------------
Epoch 322/500
---------------
Epoch 322 completed: 2m 3s - Loss: 0.0090 Acc: 59.7340
---------------
Epoch 323/500
---------------
Epoch 323 completed: 2m 3s - Loss: 0.0090 Acc: 59.5320
---------------
Epoch 324/500
---------------
Epoch 324 completed: 2m 3s - Loss: 0.0090 Acc: 59.6180
---------------
Epoch 325/500
---------------
Epoch 325 completed: 2m 3s - Loss: 0.0090 Acc: 59.5980
---------------
Epoch 326/500
---------------
Epoch 326 completed: 2m 3s - Loss: 0.0090 Acc: 59.6920
---------------
Epoch 327/500
---------------
Epoch 327 completed: 2m 3s - Loss: 0.0090 Acc: 59.4700
---------------
Epoch 328/500
---------------
Epoch 328 completed: 2m 3s - Loss: 0.0091 Acc: 59.4360
---------------
Epoch 329/500
---------------
Epoch 329 completed: 2m 3s - Loss: 0.0090 Acc: 59.5300
---------------
Epoch 330/500
---------------
Epoch 330 completed: 2m 3s - Loss: 0.0090 Acc: 59.6860
---------------
Epoch 331/500
---------------
Epoch 331 completed: 2m 3s - Loss: 0.0090 Acc: 59.7080
---------------
Epoch 332/500
---------------
Epoch 332 completed: 2m 4s - Loss: 0.0091 Acc: 59.5660
---------------
Epoch 333/500
---------------
Epoch 333 completed: 2m 4s - Loss: 0.0090 Acc: 59.6000
---------------
Epoch 334/500
---------------
Epoch 334 completed: 2m 4s - Loss: 0.0090 Acc: 59.7060
---------------
Epoch 335/500
---------------
Epoch 335 completed: 2m 3s - Loss: 0.0090 Acc: 59.4720
---------------
Epoch 336/500
---------------
Epoch 336 completed: 2m 3s - Loss: 0.0090 Acc: 59.6080
---------------
Epoch 337/500
---------------
Epoch 337 completed: 2m 3s - Loss: 0.0090 Acc: 59.5280
---------------
Epoch 338/500
---------------
Epoch 338 completed: 2m 4s - Loss: 0.0090 Acc: 59.8140
---------------
Epoch 339/500
---------------
Epoch 339 completed: 2m 4s - Loss: 0.0090 Acc: 59.7300
---------------
Epoch 340/500
---------------
Epoch 340 completed: 2m 3s - Loss: 0.0091 Acc: 59.4000
---------------
Epoch 341/500
---------------
Epoch 341 completed: 2m 3s - Loss: 0.0090 Acc: 59.6940
---------------
Epoch 342/500
---------------
Epoch 342 completed: 2m 3s - Loss: 0.0090 Acc: 59.5420
---------------
Epoch 343/500
---------------
Epoch 343 completed: 2m 3s - Loss: 0.0090 Acc: 59.7280
---------------
Epoch 344/500
---------------
Epoch 344 completed: 2m 3s - Loss: 0.0091 Acc: 59.5320
---------------
Epoch 345/500
---------------
Epoch 345 completed: 2m 3s - Loss: 0.0091 Acc: 59.2660
---------------
Epoch 346/500
---------------
Epoch 346 completed: 2m 3s - Loss: 0.0090 Acc: 59.6220
---------------
Epoch 347/500
---------------
Epoch 347 completed: 2m 3s - Loss: 0.0090 Acc: 59.6600
---------------
Epoch 348/500
---------------
Epoch 348 completed: 2m 4s - Loss: 0.0090 Acc: 59.6460
---------------
Epoch 349/500
---------------
Epoch 349 completed: 2m 4s - Loss: 0.0090 Acc: 59.9860
---------------
Epoch 350/500
---------------
Epoch 350 completed: 2m 4s - Loss: 0.0090 Acc: 59.9700
---------------
Epoch 351/500
---------------
Epoch 351 completed: 2m 3s - Loss: 0.0090 Acc: 59.7020
---------------
Epoch 352/500
---------------
Epoch 352 completed: 2m 3s - Loss: 0.0090 Acc: 59.5060
---------------
Epoch 353/500
---------------
Epoch 353 completed: 2m 3s - Loss: 0.0090 Acc: 59.2180
---------------
Epoch 354/500
---------------
Epoch 354 completed: 2m 4s - Loss: 0.0091 Acc: 59.5020
---------------
Epoch 355/500
---------------
Epoch 355 completed: 2m 4s - Loss: 0.0090 Acc: 59.6280
---------------
Epoch 356/500
---------------
Epoch 356 completed: 2m 3s - Loss: 0.0090 Acc: 59.4940
---------------
Epoch 357/500
---------------
Epoch 357 completed: 2m 3s - Loss: 0.0090 Acc: 59.7480
---------------
Epoch 358/500
---------------
Epoch 358 completed: 2m 4s - Loss: 0.0090 Acc: 59.3380
---------------
Epoch 359/500
---------------
Epoch 359 completed: 2m 4s - Loss: 0.0090 Acc: 59.9260
---------------
Epoch 360/500
---------------
Epoch 360 completed: 2m 3s - Loss: 0.0090 Acc: 59.8740
---------------
Epoch 361/500
---------------
Epoch 361 completed: 2m 4s - Loss: 0.0091 Acc: 59.4620
---------------
Epoch 362/500
---------------
Epoch 362 completed: 2m 4s - Loss: 0.0090 Acc: 59.6040
---------------
Epoch 363/500
---------------
Epoch 363 completed: 2m 4s - Loss: 0.0090 Acc: 59.5900
---------------
Epoch 364/500
---------------
Epoch 364 completed: 2m 3s - Loss: 0.0090 Acc: 59.6140
---------------
Epoch 365/500
---------------
Epoch 365 completed: 2m 4s - Loss: 0.0090 Acc: 59.7580
---------------
Epoch 366/500
---------------
Epoch 366 completed: 2m 3s - Loss: 0.0090 Acc: 59.6160
---------------
Epoch 367/500
---------------
Epoch 367 completed: 2m 3s - Loss: 0.0091 Acc: 59.4460
---------------
Epoch 368/500
---------------
Epoch 368 completed: 2m 4s - Loss: 0.0091 Acc: 59.3780
---------------
Epoch 369/500
---------------
Epoch 369 completed: 2m 4s - Loss: 0.0090 Acc: 59.4760
---------------
Epoch 370/500
---------------
Epoch 370 completed: 2m 4s - Loss: 0.0090 Acc: 59.6760
---------------
Epoch 371/500
---------------
Epoch 371 completed: 2m 4s - Loss: 0.0090 Acc: 59.9200
---------------
Epoch 372/500
---------------
Epoch 372 completed: 2m 3s - Loss: 0.0090 Acc: 59.8740
---------------
Epoch 373/500
---------------
Epoch 373 completed: 2m 3s - Loss: 0.0090 Acc: 59.7640
---------------
Epoch 374/500
---------------
Epoch 374 completed: 2m 3s - Loss: 0.0090 Acc: 59.6760
---------------
Epoch 375/500
---------------
Epoch 375 completed: 2m 3s - Loss: 0.0091 Acc: 59.4860
---------------
Epoch 376/500
---------------
Epoch 376 completed: 2m 3s - Loss: 0.0091 Acc: 59.2040
---------------
Epoch 377/500
---------------
Epoch 377 completed: 2m 3s - Loss: 0.0090 Acc: 59.7340
---------------
Epoch 378/500
---------------
Epoch 378 completed: 2m 3s - Loss: 0.0090 Acc: 59.7160
---------------
Epoch 379/500
---------------
Epoch 379 completed: 2m 3s - Loss: 0.0091 Acc: 59.5240
---------------
Epoch 380/500
---------------
Epoch 380 completed: 2m 3s - Loss: 0.0091 Acc: 59.6560
---------------
Epoch 381/500
---------------
Epoch 381 completed: 2m 3s - Loss: 0.0091 Acc: 59.4020
---------------
Epoch 382/500
---------------
Epoch 382 completed: 2m 3s - Loss: 0.0090 Acc: 59.4640
---------------
Epoch 383/500
---------------
Epoch 383 completed: 2m 3s - Loss: 0.0091 Acc: 59.3800
---------------
Epoch 384/500
---------------
Epoch 384 completed: 2m 3s - Loss: 0.0091 Acc: 59.5220
---------------
Epoch 385/500
---------------
Epoch 385 completed: 2m 3s - Loss: 0.0090 Acc: 59.7520
---------------
Epoch 386/500
---------------
Epoch 386 completed: 2m 3s - Loss: 0.0090 Acc: 59.7360
---------------
Epoch 387/500
---------------
Epoch 387 completed: 2m 3s - Loss: 0.0090 Acc: 59.8160
---------------
Epoch 388/500
---------------
Epoch 388 completed: 2m 3s - Loss: 0.0090 Acc: 59.5980
---------------
Epoch 389/500
---------------
Epoch 389 completed: 2m 3s - Loss: 0.0090 Acc: 60.0000
---------------
Epoch 390/500
---------------
Epoch 390 completed: 2m 3s - Loss: 0.0090 Acc: 59.5540
---------------
Epoch 391/500
---------------
Epoch 391 completed: 2m 3s - Loss: 0.0090 Acc: 59.8120
---------------
Epoch 392/500
---------------
Epoch 392 completed: 2m 3s - Loss: 0.0090 Acc: 59.5260
---------------
Epoch 393/500
---------------
Epoch 393 completed: 2m 3s - Loss: 0.0090 Acc: 59.7540
---------------
Epoch 394/500
---------------
Epoch 394 completed: 2m 3s - Loss: 0.0091 Acc: 59.7000
---------------
Epoch 395/500
---------------
Epoch 395 completed: 2m 3s - Loss: 0.0090 Acc: 59.4480
---------------
Epoch 396/500
---------------
Epoch 396 completed: 2m 3s - Loss: 0.0090 Acc: 59.5180
---------------
Epoch 397/500
---------------
Epoch 397 completed: 2m 3s - Loss: 0.0090 Acc: 59.5780
---------------
Epoch 398/500
---------------
Epoch 398 completed: 2m 3s - Loss: 0.0091 Acc: 59.3300
---------------
Epoch 399/500
---------------
Epoch 399 completed: 2m 3s - Loss: 0.0090 Acc: 59.4120
---------------
Epoch 400/500
---------------
Epoch 400 completed: 2m 3s - Loss: 0.0090 Acc: 59.4860
---------------
Epoch 401/500
---------------
Epoch 401 completed: 2m 3s - Loss: 0.0091 Acc: 59.3360
---------------
Epoch 402/500
---------------
Epoch 402 completed: 2m 3s - Loss: 0.0091 Acc: 59.5260
---------------
Epoch 403/500
---------------
Epoch 403 completed: 2m 3s - Loss: 0.0090 Acc: 59.5880
---------------
Epoch 404/500
---------------
Epoch 404 completed: 2m 3s - Loss: 0.0090 Acc: 59.7240
---------------
Epoch 405/500
---------------
Epoch 405 completed: 2m 3s - Loss: 0.0090 Acc: 59.8600
---------------
Epoch 406/500
---------------
Epoch 406 completed: 2m 3s - Loss: 0.0090 Acc: 59.4880
---------------
Epoch 407/500
---------------
Epoch 407 completed: 2m 3s - Loss: 0.0090 Acc: 59.8540
---------------
Epoch 408/500
---------------
Epoch 408 completed: 2m 3s - Loss: 0.0090 Acc: 59.6120
---------------
Epoch 409/500
---------------
Epoch 409 completed: 2m 3s - Loss: 0.0090 Acc: 59.6640
---------------
Epoch 410/500
---------------
Epoch 410 completed: 2m 3s - Loss: 0.0090 Acc: 59.7540
---------------
Epoch 411/500
---------------
Epoch 411 completed: 2m 3s - Loss: 0.0090 Acc: 59.5440
---------------
Epoch 412/500
---------------
Epoch 412 completed: 2m 3s - Loss: 0.0090 Acc: 59.7420
---------------
Epoch 413/500
---------------
Epoch 413 completed: 2m 3s - Loss: 0.0090 Acc: 59.5660
---------------
Epoch 414/500
---------------
Epoch 414 completed: 2m 3s - Loss: 0.0090 Acc: 59.8080
---------------
Epoch 415/500
---------------
Epoch 415 completed: 2m 3s - Loss: 0.0090 Acc: 59.7000
---------------
Epoch 416/500
---------------
Epoch 416 completed: 2m 3s - Loss: 0.0090 Acc: 59.7400
---------------
Epoch 417/500
---------------
Epoch 417 completed: 2m 3s - Loss: 0.0091 Acc: 59.3840
---------------
Epoch 418/500
---------------
Epoch 418 completed: 2m 3s - Loss: 0.0090 Acc: 59.9360
---------------
Epoch 419/500
---------------
Epoch 419 completed: 2m 3s - Loss: 0.0090 Acc: 59.6360
---------------
Epoch 420/500
---------------
Epoch 420 completed: 2m 3s - Loss: 0.0090 Acc: 59.6100
---------------
Epoch 421/500
---------------
Epoch 421 completed: 2m 3s - Loss: 0.0090 Acc: 59.6020
---------------
Epoch 422/500
---------------
Epoch 422 completed: 2m 3s - Loss: 0.0091 Acc: 59.5240
---------------
Epoch 423/500
---------------
Epoch 423 completed: 2m 3s - Loss: 0.0091 Acc: 59.2900
---------------
Epoch 424/500
---------------
Epoch 424 completed: 2m 3s - Loss: 0.0090 Acc: 59.7140
---------------
Epoch 425/500
---------------
Epoch 425 completed: 2m 3s - Loss: 0.0090 Acc: 59.6840
---------------
Epoch 426/500
---------------
Epoch 426 completed: 2m 3s - Loss: 0.0091 Acc: 59.5100
---------------
Epoch 427/500
---------------
Epoch 427 completed: 2m 3s - Loss: 0.0091 Acc: 59.5500
---------------
Epoch 428/500
---------------
Epoch 428 completed: 2m 3s - Loss: 0.0090 Acc: 59.7040
---------------
Epoch 429/500
---------------
Epoch 429 completed: 2m 3s - Loss: 0.0090 Acc: 59.8940
---------------
Epoch 430/500
---------------
Epoch 430 completed: 2m 3s - Loss: 0.0090 Acc: 59.8980
---------------
Epoch 431/500
---------------
Epoch 431 completed: 2m 3s - Loss: 0.0090 Acc: 59.6940
---------------
Epoch 432/500
---------------
Epoch 432 completed: 2m 3s - Loss: 0.0091 Acc: 59.6600
---------------
Epoch 433/500
---------------
Epoch 433 completed: 2m 3s - Loss: 0.0090 Acc: 59.8120
---------------
Epoch 434/500
---------------
Epoch 434 completed: 2m 3s - Loss: 0.0090 Acc: 59.9580
---------------
Epoch 435/500
---------------
Epoch 435 completed: 2m 3s - Loss: 0.0091 Acc: 59.3560
---------------
Epoch 436/500
---------------
Epoch 436 completed: 2m 3s - Loss: 0.0091 Acc: 59.4440
---------------
Epoch 437/500
---------------
Epoch 437 completed: 2m 3s - Loss: 0.0090 Acc: 59.8160
---------------
Epoch 438/500
---------------
Epoch 438 completed: 2m 3s - Loss: 0.0090 Acc: 59.6740
---------------
Epoch 439/500
---------------
Epoch 439 completed: 2m 3s - Loss: 0.0090 Acc: 59.5240
---------------
Epoch 440/500
---------------
Epoch 440 completed: 2m 3s - Loss: 0.0090 Acc: 59.4280
---------------
Epoch 441/500
---------------
Epoch 441 completed: 2m 3s - Loss: 0.0090 Acc: 59.7540
---------------
Epoch 442/500
---------------
Epoch 442 completed: 2m 3s - Loss: 0.0090 Acc: 59.7020
---------------
Epoch 443/500
---------------
Epoch 443 completed: 2m 3s - Loss: 0.0090 Acc: 59.6360
---------------
Epoch 444/500
---------------
Epoch 444 completed: 2m 3s - Loss: 0.0090 Acc: 59.6640
---------------
Epoch 445/500
---------------
Epoch 445 completed: 2m 3s - Loss: 0.0090 Acc: 59.6920
---------------
Epoch 446/500
---------------
Epoch 446 completed: 2m 3s - Loss: 0.0090 Acc: 59.4040
---------------
Epoch 447/500
---------------
Epoch 447 completed: 2m 3s - Loss: 0.0090 Acc: 59.3880
---------------
Epoch 448/500
---------------
Epoch 448 completed: 2m 3s - Loss: 0.0090 Acc: 59.6180
---------------
Epoch 449/500
---------------
Epoch 449 completed: 2m 3s - Loss: 0.0090 Acc: 59.6320
---------------
Epoch 450/500
---------------
Epoch 450 completed: 2m 3s - Loss: 0.0090 Acc: 59.9360
---------------
Epoch 451/500
---------------
Epoch 451 completed: 2m 3s - Loss: 0.0090 Acc: 59.5900
---------------
Epoch 452/500
---------------
Epoch 452 completed: 2m 3s - Loss: 0.0090 Acc: 59.7940
---------------
Epoch 453/500
---------------
Epoch 453 completed: 2m 3s - Loss: 0.0090 Acc: 59.6300
---------------
Epoch 454/500
---------------
Epoch 454 completed: 2m 3s - Loss: 0.0091 Acc: 59.6280
---------------
Epoch 455/500
---------------
Epoch 455 completed: 2m 3s - Loss: 0.0090 Acc: 59.8440
---------------
Epoch 456/500
---------------
Epoch 456 completed: 2m 3s - Loss: 0.0091 Acc: 59.6700
---------------
Epoch 457/500
---------------
Epoch 457 completed: 2m 3s - Loss: 0.0090 Acc: 59.9500
---------------
Epoch 458/500
---------------
Epoch 458 completed: 2m 3s - Loss: 0.0090 Acc: 59.7880
---------------
Epoch 459/500
---------------
Epoch 459 completed: 2m 3s - Loss: 0.0090 Acc: 59.7240
---------------
Epoch 460/500
---------------
Epoch 460 completed: 2m 3s - Loss: 0.0090 Acc: 59.7360
---------------
Epoch 461/500
---------------
Epoch 461 completed: 2m 3s - Loss: 0.0090 Acc: 59.7640
---------------
Epoch 462/500
---------------
Epoch 462 completed: 2m 3s - Loss: 0.0090 Acc: 59.7880
---------------
Epoch 463/500
---------------
Epoch 463 completed: 2m 3s - Loss: 0.0091 Acc: 59.5600
---------------
Epoch 464/500
---------------
Epoch 464 completed: 2m 3s - Loss: 0.0091 Acc: 59.4900
---------------
Epoch 465/500
---------------
Epoch 465 completed: 2m 3s - Loss: 0.0091 Acc: 59.4100
---------------
Epoch 466/500
---------------
Epoch 466 completed: 2m 3s - Loss: 0.0091 Acc: 59.6740
---------------
Epoch 467/500
---------------
Epoch 467 completed: 2m 3s - Loss: 0.0091 Acc: 59.3560
---------------
Epoch 468/500
---------------
Epoch 468 completed: 2m 3s - Loss: 0.0090 Acc: 59.8880
---------------
Epoch 469/500
---------------
Epoch 469 completed: 2m 3s - Loss: 0.0090 Acc: 59.7560
---------------
Epoch 470/500
---------------
Epoch 470 completed: 2m 3s - Loss: 0.0090 Acc: 59.7220
---------------
Epoch 471/500
---------------
Epoch 471 completed: 2m 3s - Loss: 0.0090 Acc: 59.6060
---------------
Epoch 472/500
---------------
Epoch 472 completed: 2m 3s - Loss: 0.0091 Acc: 59.5920
---------------
Epoch 473/500
---------------
Epoch 473 completed: 2m 3s - Loss: 0.0090 Acc: 59.5860
---------------
Epoch 474/500
---------------
Epoch 474 completed: 2m 3s - Loss: 0.0090 Acc: 59.7740
---------------
Epoch 475/500
---------------
Epoch 475 completed: 2m 3s - Loss: 0.0091 Acc: 59.3220
---------------
Epoch 476/500
---------------
Epoch 476 completed: 2m 3s - Loss: 0.0090 Acc: 59.6200
---------------
Epoch 477/500
---------------
Epoch 477 completed: 2m 3s - Loss: 0.0090 Acc: 59.9100
---------------
Epoch 478/500
---------------
Epoch 478 completed: 2m 3s - Loss: 0.0090 Acc: 59.7920
---------------
Epoch 479/500
---------------
Epoch 479 completed: 2m 3s - Loss: 0.0091 Acc: 59.5040
---------------
Epoch 480/500
---------------
Epoch 480 completed: 2m 3s - Loss: 0.0090 Acc: 59.6460
---------------
Epoch 481/500
---------------
Epoch 481 completed: 2m 3s - Loss: 0.0090 Acc: 59.9660
---------------
Epoch 482/500
---------------
Epoch 482 completed: 2m 3s - Loss: 0.0090 Acc: 59.6180
---------------
Epoch 483/500
---------------
Epoch 483 completed: 2m 3s - Loss: 0.0090 Acc: 59.6480
---------------
Epoch 484/500
---------------
Epoch 484 completed: 2m 3s - Loss: 0.0090 Acc: 59.8220
---------------
Epoch 485/500
---------------
Epoch 485 completed: 2m 3s - Loss: 0.0091 Acc: 59.4560
---------------
Epoch 486/500
---------------
Epoch 486 completed: 2m 3s - Loss: 0.0090 Acc: 59.6940
---------------
Epoch 487/500
---------------
Epoch 487 completed: 2m 3s - Loss: 0.0091 Acc: 59.6920
---------------
Epoch 488/500
---------------
Epoch 488 completed: 2m 3s - Loss: 0.0090 Acc: 59.5000
---------------
Epoch 489/500
---------------
Epoch 489 completed: 2m 3s - Loss: 0.0091 Acc: 59.6220
---------------
Epoch 490/500
---------------
Epoch 490 completed: 2m 3s - Loss: 0.0090 Acc: 59.5540
---------------
Epoch 491/500
---------------
Epoch 491 completed: 2m 3s - Loss: 0.0090 Acc: 59.7580
---------------
Epoch 492/500
---------------
Epoch 492 completed: 2m 3s - Loss: 0.0090 Acc: 59.6360
---------------
Epoch 493/500
---------------
Epoch 493 completed: 2m 3s - Loss: 0.0090 Acc: 59.6060
---------------
Epoch 494/500
---------------
Epoch 494 completed: 2m 3s - Loss: 0.0090 Acc: 59.6340
---------------
Epoch 495/500
---------------
Epoch 495 completed: 2m 3s - Loss: 0.0090 Acc: 59.5580
---------------
Epoch 496/500
---------------
Epoch 496 completed: 2m 3s - Loss: 0.0090 Acc: 59.4640
---------------
Epoch 497/500
---------------
Epoch 497 completed: 2m 3s - Loss: 0.0090 Acc: 59.6260
---------------
Epoch 498/500
---------------
Epoch 498 completed: 2m 3s - Loss: 0.0090 Acc: 59.7020
---------------
Epoch 499/500
---------------
Epoch 499 completed: 2m 3s - Loss: 0.0090 Acc: 59.5860
---------------
Epoch 500/500
---------------
Epoch 500 completed: 2m 3s - Loss: 0.0090 Acc: 59.6220
---------------
Training completed in 1026m 1s
Best accuracy: 0.600980
---------------
Test completed in 0m 7s
Accuracy on test set: 0.640700
